<?xml version="1.0" encoding="UTF-8"?>
<!-- Generated by org.testng.reporters.JUnitReportReporter -->
<testsuite hostname="lenovo" failures="0" tests="4" name="abfl_QaServer.panOnly_UploadBusiness_Doc" time="63.452" errors="0" timestamp="2023-08-29T23:00:10 IST" skipped="0">
  <testcase classname="abfl_QaServer.panOnly_UploadBusiness_Doc" name="randomPan" time="0.179"/>
  <system-out/>
  <testcase classname="abfl_QaServer.panOnly_UploadBusiness_Doc" name="randomNumber" time="2.888"/>
  <system-out/>
  <testcase classname="abfl_QaServer.panOnly_UploadBusiness_Doc" name="singUpPage" time="60.182"/>
  <system-out/>
  <testcase classname="abfl_QaServer.panOnly_UploadBusiness_Doc" name="randomEmail" time="0.203"/>
  <system-out/>
</testsuite> <!-- abfl_QaServer.panOnly_UploadBusiness_Doc -->
