<?xml version="1.0" encoding="UTF-8"?>
<!-- Generated by org.testng.reporters.JUnitReportReporter -->
<testsuite hostname="lenovo" failures="0" tests="4" name="abfl_QaServer.gst_Journey" time="26.259" errors="0" timestamp="2023-09-10T16:36:15 IST" skipped="0">
  <testcase classname="abfl_QaServer.gst_Journey" name="randomPan" time="0.312"/>
  <system-out/>
  <testcase classname="abfl_QaServer.gst_Journey" name="randomEmail" time="0.551"/>
  <system-out/>
  <testcase classname="abfl_QaServer.gst_Journey" name="randomNumber" time="4.029"/>
  <system-out/>
  <testcase classname="abfl_QaServer.gst_Journey" name="singUpPage" time="21.367"/>
  <system-out/>
</testsuite> <!-- abfl_QaServer.gst_Journey -->
