<?xml version="1.0" encoding="UTF-8"?>
<!-- Generated by org.testng.reporters.JUnitReportReporter -->
<testsuite hostname="lenovo" failures="0" tests="4" name="abfl_QaServer.QA2_PanOnly" time="20.281" errors="0" timestamp="2023-09-11T15:41:05 IST" skipped="0">
  <testcase classname="abfl_QaServer.QA2_PanOnly" name="randomNumber" time="0.115"/>
  <system-out/>
  <testcase classname="abfl_QaServer.QA2_PanOnly" name="randomEmail" time="0.854"/>
  <system-out/>
  <testcase classname="abfl_QaServer.QA2_PanOnly" name="singUpPage" time="19.165"/>
  <system-out/>
  <testcase classname="abfl_QaServer.QA2_PanOnly" name="randomPan" time="0.147"/>
  <system-out/>
</testsuite> <!-- abfl_QaServer.QA2_PanOnly -->
